2020-12-10T10:07:28.967Z info: 11111
2020-12-10T10:12:57.482Z info: 11111
2020-12-10T10:39:44.403Z info: 11111
2020-12-10T12:35:43.923Z info: 11111
2020-12-10T13:03:39.834Z info: 11111
2020-12-10T13:05:53.630Z info: 11111
2020-12-10T13:17:04.694Z info: 11111
2020-12-10T14:04:52.380Z info: 11111
2020-12-11T02:23:14.310Z info: 11111
2020-12-11T02:30:03.248Z info: 11111
2020-12-11T02:48:36.698Z info: 11111
2020-12-11T02:48:37.086Z info: 数据库连接成功
2020-12-11T02:48:37.112Z info: 22222
2020-12-11T02:48:42.918Z info: 用户查询开始
2020-12-11T02:48:42.993Z info: 用户查询结束
2020-12-11T02:55:08.786Z info: 数据库连接成功
2020-12-11T02:56:14.385Z info: 调用用户登录接口开始test6 123456
2020-12-11T02:56:14.476Z info: 用户登录成功
2020-12-11T02:57:02.698Z info: 调用用户登录接口开始test6 123456
2020-12-11T02:57:02.714Z info: 用户登录成功
2020-12-11T02:57:16.080Z info: 数据库连接成功
2020-12-11T02:57:32.452Z info: 调用用户登录接口开始test6 123456
2020-12-11T02:57:32.505Z info: 用户登录成功
2020-12-11T02:59:58.416Z info: 数据库连接成功
2020-12-11T03:00:12.646Z info: 调用用户登录接口开始test6 123456
2020-12-11T03:00:12.707Z info: 用户登录成功
2020-12-11T03:03:38.121Z info: 数据库连接成功
2020-12-11T03:03:41.541Z info: 调用用户查询接口
2020-12-11T03:03:41.543Z info: 调用用户查询接口结束
2020-12-11T03:08:39.865Z info: 调用用户查询接口
2020-12-11T03:08:39.868Z info: 调用用户查询接口结束
2020-12-11T03:08:58.135Z info: 数据库连接成功
2020-12-11T03:09:02.137Z info: 调用用户查询接口
2020-12-11T03:09:02.139Z info: 调用用户查询接口结束
2020-12-11T03:17:01.981Z info: 数据库连接成功
2020-12-11T03:17:07.416Z info: 调用用户查询接口
2020-12-11T03:18:00.636Z info: 数据库连接成功
2020-12-11T03:18:03.790Z info: 调用用户查询接口
2020-12-11T03:24:21.217Z info: 数据库连接成功
2020-12-11T03:24:24.173Z info: 调用用户查询接口
2020-12-11T03:25:05.266Z info: 数据库连接成功
2020-12-11T03:25:07.733Z info: 调用用户查询接口
2020-12-11T03:25:07.787Z info: 调用用户查询接口结束
2020-12-11T03:26:25.523Z info: 数据库连接成功
2020-12-11T03:26:28.326Z info: 调用用户查询接口
2020-12-11T03:26:28.329Z info: 调用用户查询接口结束
2020-12-11T03:26:49.314Z info: 调用用户查询接口
2020-12-11T03:26:49.315Z info: 调用用户查询接口结束
2020-12-11T03:29:51.475Z info: 数据库连接成功
2020-12-11T03:29:54.303Z info: 调用用户查询接口
2020-12-11T03:30:25.333Z info: 数据库连接成功
2020-12-11T03:30:29.050Z info: 调用用户查询接口
2020-12-11T03:31:45.693Z info: 数据库连接成功
2020-12-11T03:31:55.229Z info: 调用用户查询接口
2020-12-11T03:31:55.235Z info: 调用用户查询接口结束
2020-12-11T03:34:15.733Z info: 数据库连接成功
2020-12-11T03:34:18.969Z info: 调用用户查询接口
2020-12-11T03:34:18.993Z info: 调用用户查询接口结束
2020-12-11T03:35:10.931Z info: 数据库连接成功
2020-12-11T03:35:13.704Z info: 调用用户查询接口
2020-12-11T03:35:13.710Z info: 调用用户查询接口结束
2020-12-11T03:37:41.081Z info: 数据库连接成功
2020-12-11T03:37:43.872Z info: 调用用户查询接口
2020-12-11T03:38:04.203Z info: 数据库连接成功
2020-12-11T03:38:06.316Z info: 调用用户查询接口
2020-12-11T03:38:16.685Z info: 数据库连接成功
2020-12-11T03:38:19.989Z info: 调用用户查询接口
2020-12-11T03:39:18.493Z info: 数据库连接成功
2020-12-11T03:39:21.105Z info: 调用用户查询接口
2020-12-11T03:43:35.876Z info: 数据库连接成功
2020-12-11T03:43:38.096Z info: 调用用户查询接口
2020-12-11T03:45:49.255Z info: 数据库连接成功
2020-12-11T03:45:52.038Z info: 调用用户查询接口
2020-12-11T03:46:02.346Z info: 数据库连接成功
2020-12-11T03:46:04.636Z info: 调用用户查询接口
2020-12-11T03:46:04.641Z info: 调用用户查询接口结束
2020-12-11T03:47:38.756Z info: 数据库连接成功
2020-12-11T03:47:40.732Z info: 调用用户查询接口
2020-12-11T03:48:13.146Z info: 数据库连接成功
2020-12-11T03:48:16.383Z info: 调用用户查询接口
2020-12-11T03:48:16.390Z info: 调用用户查询接口结束
2020-12-11T03:49:34.779Z info: 数据库连接成功
2020-12-11T03:49:36.970Z info: 调用用户查询接口
2020-12-11T03:50:51.923Z info: 数据库连接成功
2020-12-11T03:50:54.037Z info: 调用用户查询接口
2020-12-11T03:50:54.044Z info: 调用用户查询接口结束
2020-12-11T03:51:18.439Z info: 数据库连接成功
2020-12-11T03:51:21.685Z info: 调用用户查询接口
2020-12-11T03:51:21.692Z info: 调用用户查询接口结束
2020-12-11T03:51:48.847Z info: 数据库连接成功
2020-12-11T03:52:12.691Z info: 调用用户查询接口
2020-12-11T03:52:28.995Z info: 数据库连接成功
2020-12-11T03:52:41.412Z info: 调用用户查询接口
2020-12-11T03:52:41.418Z info: 调用用户查询接口结束
2020-12-11T03:53:26.814Z info: 数据库连接成功
2020-12-11T03:53:28.942Z info: 调用用户查询接口
2020-12-11T03:53:28.950Z info: 调用用户查询接口结束
2020-12-11T03:53:54.036Z info: 数据库连接成功
2020-12-11T03:53:55.981Z info: 调用用户查询接口
2020-12-11T03:53:55.989Z info: 调用用户查询接口结束
2020-12-11T03:54:32.177Z info: 数据库连接成功
2020-12-11T03:54:35.775Z info: 调用用户查询接口
2020-12-11T03:55:10.815Z info: 数据库连接成功
2020-12-11T03:55:13.445Z info: 调用用户查询接口
2020-12-11T03:55:13.452Z info: 调用用户查询接口结束
2020-12-11T03:56:45.160Z info: 数据库连接成功
2020-12-11T03:56:48.454Z info: 调用用户查询接口
2020-12-11T03:57:19.769Z info: 调用用户查询接口
2020-12-11T03:57:24.926Z info: 数据库连接成功
2020-12-11T03:57:28.106Z info: 调用用户查询接口
2020-12-11T03:57:28.114Z info: 调用用户查询接口结束
2020-12-11T03:57:52.374Z info: 数据库连接成功
2020-12-11T03:57:55.093Z info: 调用用户查询接口
2020-12-11T03:57:55.101Z info: 调用用户查询接口结束
2020-12-11T04:01:18.630Z info: 数据库连接成功
2020-12-11T04:01:21.391Z info: 调用用户查询接口
2020-12-11T04:01:21.398Z info: 调用用户查询接口结束
2020-12-11T04:02:56.998Z info: 数据库连接成功
2020-12-11T04:03:00.808Z info: 调用用户查询接口
2020-12-11T04:03:00.821Z info: 调用用户查询接口结束
2020-12-11T04:04:23.495Z info: 数据库连接成功
2020-12-11T04:04:26.141Z info: 调用用户查询接口
2020-12-11T04:04:26.145Z info: 调用用户查询接口结束
2020-12-11T04:04:40.959Z info: 数据库连接成功
2020-12-11T04:04:43.818Z info: 调用用户查询接口
2020-12-11T04:04:43.822Z info: 调用用户查询接口结束
2020-12-11T04:09:08.732Z info: 数据库连接成功
2020-12-11T04:10:00.747Z info: 用户查询开始
2020-12-11T04:10:00.803Z info: 用户查询结束
2020-12-11T04:16:15.618Z info: 数据库连接成功
2020-12-11T04:18:47.196Z info: 添加用户{"account":"小王","password":"123456","real_name":"王木生"}
2020-12-11T04:18:47.326Z info: 添加用户结束
2020-12-11T04:21:41.971Z info: 数据库连接成功
2020-12-11T04:23:47.670Z info: 修改用户{"id":2,"account":"1test","password":"654321","real_name":""}
2020-12-11T04:23:47.771Z info: 修改用户结束
2020-12-11T04:25:52.720Z info: 数据库连接成功
2020-12-11T04:26:42.632Z info: 删除用户6
2020-12-11T04:26:42.722Z info: 删除用户结束
2020-12-11T04:27:04.503Z info: 添加用户{"account":"小王","password":"123456","real_name":"王木生"}
2020-12-11T04:27:04.524Z info: 添加用户异常
2020-12-11T04:27:23.658Z info: 添加用户{"account":"小","password":"123456","real_name":"王木"}
2020-12-11T04:27:23.670Z info: 添加用户结束
2020-12-11T04:27:33.271Z info: 添加用户{"account":"小","password":"13456","real_name":"王木"}
2020-12-11T04:27:33.275Z info: 添加用户异常
2020-12-11T04:27:43.154Z info: 添加用户{"account":"小张","password":"13456","real_name":"王木"}
2020-12-11T04:27:43.158Z info: 添加用户结束
2020-12-11T04:27:57.405Z info: 添加用户{"account":"小马","password":"13456","real_name":"王木"}
2020-12-11T04:27:57.414Z info: 添加用户结束
2020-12-11T04:28:05.826Z info: 添加用户{"account":"小吴","password":"13456","real_name":"王木"}
2020-12-11T04:28:05.829Z info: 添加用户结束
2020-12-11T06:46:13.011Z info: 数据库连接成功
2020-12-11T06:48:44.873Z info: 数据库连接成功
2020-12-11T07:03:47.037Z info: 调用用户查询接口
2020-12-11T07:03:47.040Z info: 调用用户查询接口结束
2020-12-11T07:03:56.995Z info: 数据库连接成功
2020-12-11T07:04:07.483Z info: 权限检查。。。
2020-12-11T07:04:07.483Z info: 没有token，无效请求
2020-12-11T07:05:18.183Z info: 数据库连接成功
2020-12-11T07:05:38.039Z info: 权限检查。。。
2020-12-11T07:05:38.040Z info: 没有token，无效请求
2020-12-11T07:05:43.011Z info: 权限检查。。。
2020-12-11T07:05:43.011Z info: 调用用户登录接口开始test6 123456
2020-12-11T07:05:43.063Z info: 用户登录成功
2020-12-11T07:06:05.273Z info: 权限检查。。。
2020-12-11T07:06:05.273Z info: 没有token，无效请求
2020-12-11T07:07:17.736Z info: 权限检查。。。
2020-12-11T07:07:17.737Z info: token 验证
2020-12-11T07:07:17.738Z error: token过期
2020-12-11T07:07:17.739Z info: 生成新的token返回前端
2020-12-11T07:07:24.632Z info: 权限检查。。。
2020-12-11T07:07:24.632Z info: token 验证
2020-12-11T07:07:24.632Z error: token过期
2020-12-11T07:07:24.633Z info: 生成新的token返回前端
2020-12-11T07:07:30.189Z info: 权限检查。。。
2020-12-11T07:07:30.189Z info: 调用用户登录接口开始test6 123456
2020-12-11T07:07:30.199Z info: 用户登录成功
2020-12-11T07:07:43.041Z info: 权限检查。。。
2020-12-11T07:07:43.041Z info: token 验证
2020-12-11T07:07:43.041Z info: {"data":{"id":4,"account":"test6","password":"123456","real_name":"李四","reg_time":"2020-12-09T03:48:12.000Z","remark":null,"creator":null,"created":"2020-12-09T03:48:12.000Z","modified":null},"msg":"用户登录成功","code":200,"iat":1607670450,"exp":1607670510}
2020-12-11T07:07:43.042Z info: 调用用户查询接口
2020-12-11T07:07:43.042Z info: 调用用户查询接口结束
2020-12-11T07:07:51.841Z info: 权限检查。。。
2020-12-11T07:07:51.842Z info: 没有token，无效请求
2020-12-11T07:08:03.063Z info: 权限检查。。。
2020-12-11T07:08:03.063Z info: token 验证
2020-12-11T07:08:03.064Z info: {"data":{"id":4,"account":"test6","password":"123456","real_name":"李四","reg_time":"2020-12-09T03:48:12.000Z","remark":null,"creator":null,"created":"2020-12-09T03:48:12.000Z","modified":null},"msg":"用户登录成功","code":200,"iat":1607670450,"exp":1607670510}
2020-12-11T07:08:03.064Z info: 添加用户{"account":"小吴","password":"13456","real_name":"王木"}
2020-12-11T07:08:03.084Z info: 添加用户异常
2020-12-11T07:08:26.340Z info: 权限检查。。。
2020-12-11T07:08:26.340Z info: token 验证
2020-12-11T07:08:26.340Z info: {"data":{"id":4,"account":"test6","password":"123456","real_name":"李四","reg_time":"2020-12-09T03:48:12.000Z","remark":null,"creator":null,"created":"2020-12-09T03:48:12.000Z","modified":null},"msg":"用户登录成功","code":200,"iat":1607670450,"exp":1607670510}
2020-12-11T07:08:26.341Z info: 添加用户{"account":"小吴1","password":"13456","real_name":"王木"}
2020-12-11T07:08:26.355Z info: 添加用户结束
